<?xml version="1.0" encoding="UTF-8"?>
<!-- Generated by org.testng.reporters.JUnitXMLReporter -->
<testsuite ignored="0" hostname="LAPTOP-AF2R86FI" failures="0" tests="1" name="Test Edge" time="0.016" errors="0" timestamp="2022-12-07T09:15:09 IST">
  <testcase classname="com.qa.testscripts.Base" name="@BeforeClass setUp" time="0.007">
    <failure type="java.lang.IllegalStateException" message="The driver executable does not exist: E:\Java\eclipse workspace\Amazon\target\msedgedriver.exe">
      <![CDATA[java.lang.IllegalStateException: The driver executable does not exist: E:\Java\eclipse workspace\Amazon\target\msedgedriver.exe
at com.google.common.base.Preconditions.checkState(Preconditions.java:585)
at org.openqa.selenium.remote.service.DriverService.checkExecutable(DriverService.java:146)
at org.openqa.selenium.remote.service.DriverService.findExecutable(DriverService.java:141)
at org.openqa.selenium.edge.EdgeDriverService.access$000(EdgeDriverService.java:37)
at org.openqa.selenium.edge.EdgeDriverService$Builder.findDefaultExecutable(EdgeDriverService.java:90)
at org.openqa.selenium.remote.service.DriverService$Builder.build(DriverService.java:355)
at org.openqa.selenium.edge.EdgeDriverService.createDefaultService(EdgeDriverService.java:70)
at org.openqa.selenium.edge.EdgeDriver.<init>(EdgeDriver.java:96)
at com.qa.testscripts.Base.setUp(Base.java:38)
at java.base/java.util.concurrent.ThreadPoolExecutor.runWorker(ThreadPoolExecutor.java:1130)
at java.base/java.util.concurrent.ThreadPoolExecutor$Worker.run(ThreadPoolExecutor.java:630)
at java.base/java.lang.Thread.run(Thread.java:831)
... Removed 10 stack frames]]>
    </failure>
  </testcase> <!-- @BeforeClass setUp -->
  <testcase classname="com.qa.testscripts.Base" name="@AfterClass tearDown" time="-1.670384709041E9">
    <skipped/>
  </testcase> <!-- @AfterClass tearDown -->
  <testcase classname="com.qa.testscripts.TC_AmazonSearch_001" name="Search" time="0.0">
    <skipped/>
  </testcase> <!-- Search -->
</testsuite> <!-- Test Edge -->
