<?xml version="1.0" encoding="UTF-8"?>
<testng-results ignored="0" total="1" passed="1" failed="0" skipped="0">
  <reporter-output>
  </reporter-output>
  <suite started-at="2022-12-09T16:11:51 IST" name="Suite" finished-at="2022-12-09T16:12:23 IST" duration-ms="31931">
    <groups>
    </groups>
    <test started-at="2022-12-09T16:11:51 IST" name="Test Chrome" finished-at="2022-12-09T16:12:23 IST" duration-ms="31931">
      <class name="com.qa.testscripts.LoginPage">
        <test-method is-config="true" signature="setup(java.lang.String,java.lang.String)[pri:0, instance:com.qa.testscripts.LoginPage@635eaaf1]" started-at="2022-12-09T16:11:51 IST" name="setup" finished-at="2022-12-09T16:12:03 IST" duration-ms="11870" status="PASS">
          <params>
            <param index="0">
              <value>
                <![CDATA[Chrome]]>
              </value>
            </param>
            <param index="1">
              <value>
                <![CDATA[https://www.simplilearn.com/]]>
              </value>
            </param>
          </params>
          <reporter-output>
          </reporter-output>
        </test-method> <!-- setup -->
        <test-method signature="simpliLearn()[pri:0, instance:com.qa.testscripts.LoginPage@635eaaf1]" started-at="2022-12-09T16:12:03 IST" name="simpliLearn" finished-at="2022-12-09T16:12:20 IST" duration-ms="16503" status="PASS">
          <reporter-output>
          </reporter-output>
        </test-method> <!-- simpliLearn -->
        <test-method is-config="true" signature="tearDown()[pri:0, instance:com.qa.testscripts.LoginPage@635eaaf1]" started-at="2022-12-09T16:12:20 IST" name="tearDown" finished-at="2022-12-09T16:12:23 IST" duration-ms="3473" status="PASS">
          <reporter-output>
          </reporter-output>
        </test-method> <!-- tearDown -->
      </class> <!-- com.qa.testscripts.LoginPage -->
    </test> <!-- Test Chrome -->
  </suite> <!-- Suite -->
</testng-results>
