<?xml version="1.0" encoding="UTF-8"?>
<!-- Generated by org.testng.reporters.JUnitXMLReporter -->
<testsuite ignored="0" hostname="LAPTOP-AF2R86FI" failures="1" tests="1" name="Test Chrome" time="71.008" errors="0" timestamp="2022-12-07T09:13:40 IST">
  <testcase classname="com.qa.testscripts.TC_AmazonSearch_001" name="Search" time="13.206">
    <failure type="java.lang.NullPointerException" message="Cannot invoke &amp;quot;org.openqa.selenium.WebElement.click()&amp;quot; because the return value of &amp;quot;com.qa.pages.AmazonPages.Create()&amp;quot; is null">
      <![CDATA[java.lang.NullPointerException: Cannot invoke "org.openqa.selenium.WebElement.click()" because the return value of "com.qa.pages.AmazonPages.Create()" is null
at com.qa.testscripts.TC_AmazonSearch_001.Search(TC_AmazonSearch_001.java:25)
at java.base/java.util.ArrayList.forEach(ArrayList.java:1511)
... Removed 27 stack frames]]>
    </failure>
  </testcase> <!-- Search -->
</testsuite> <!-- Test Chrome -->
